<?xml version="1.0" encoding="UTF-8"?>
<testsuite xmlns:xsi="http://www.w3.org/2001/XMLSchema-instance" xsi:noNamespaceSchemaLocation="https://maven.apache.org/surefire/maven-surefire-plugin/xsd/surefire-test-report-3.0.xsd" version="3.0" name="stepDef.TestRunner" time="6.405" tests="1" errors="0" skipped="0" failures="0">
  <properties>
[...]
</properties>
  <testcase name="Register by entering only User Information" classname="Registration to Newtours website" time="5.386">
    <system-out><![CDATA[
@ConfigTest @Newours @lateef
Scenario Outline: Register by entering only User Information    # src/main/resources/featureFiles/NewtoursRegistration.feature:18
  Given I am on the Newtours website                            # stepDef.NewtoursRegistrationStepDefinitions.iAmOnTheNewtoursWebsite()
  When I click on the Register link                             # stepDef.NewtoursRegistrationStepDefinitions.i_click_on_the_register_link()
  And I enter "Jose1234", password and confirm as "password120" # stepDef.NewtoursRegistrationStepDefinitions.i_enter_password_and_confirm_as(java.lang.String,java.lang.String)
  And I click submit button                                     # stepDef.NewtoursRegistrationStepDefinitions.i_click_submit_button()
null
  Then confirmation page is displayed with my "Jose1234"        # stepDef.NewtoursRegistrationStepDefinitions.confirmation_page_is_displayed_with_my(java.lang.String)
]]></system-out>
    <system-err><![CDATA[SLF4J: Failed to load class "org.slf4j.impl.StaticLoggerBinder".
SLF4J: Defaulting to no-operation (NOP) logger implementation
SLF4J: See http://www.slf4j.org/codes.html#StaticLoggerBinder for further details.
Starting ChromeDriver 95.0.4638.54 (d31a821ec901f68d0d34ccdbaea45b4c86ce543e-refs/branch-heads/4638@{#871}) on port 13300
Only local connections are allowed.
Please see https://chromedriver.chromium.org/security-considerations for suggestions on keeping ChromeDriver safe.
ChromeDriver was started successfully.
Nov 02, 2021 11:40:33 PM org.openqa.selenium.remote.ProtocolHandshake createSession
INFO: Detected dialect: W3C
]]></system-err>
  </testcase>
</testsuite>